Exception on /list [GET]
Traceback (most recent call last):
  File "C:\Users\joonasbl\ruoka\lib\site-packages\flask\app.py", line 1982, in wsgi_app
    response = self.full_dispatch_request()
  File "C:\Users\joonasbl\ruoka\lib\site-packages\flask\app.py", line 1614, in full_dispatch_request
    rv = self.handle_user_exception(e)
  File "C:\Users\joonasbl\ruoka\lib\site-packages\flask\app.py", line 1517, in handle_user_exception
    reraise(exc_type, exc_value, tb)
  File "C:\Users\joonasbl\ruoka\lib\site-packages\flask\_compat.py", line 33, in reraise
    raise value
  File "C:\Users\joonasbl\ruoka\lib\site-packages\flask\app.py", line 1612, in full_dispatch_request
    rv = self.dispatch_request()
  File "C:\Users\joonasbl\ruoka\lib\site-packages\flask\app.py", line 1598, in dispatch_request
    return self.view_functions[rule.endpoint](**req.view_args)
  File "C:/Users/joonasbl/PycharmProjects/ruoka/app.py", line 52, in list_
    return render_template("list.html", [[1, 'veeruska']])
TypeError: render_template() takes 1 positional argument but 2 were given
Info
Info
Info
Info
Info
False
True
True
False
False
False
True
True
True
True
True
True
True
True
True
True
True
True
True
True
True
True
True
True
True
True
True
True
True
True
True
True
True
defaultdict(<class 'dict'>, {'Evin kebab': 15, 'Veeruska': 18, 'Test': 25})
True
defaultdict(<class 'dict'>, {'Evin kebab': 15, 'Veeruska': 18, 'Test': 25})
True
defaultdict(<class 'dict'>, {'Test': 25, 'Veeruska': 18, 'Evin kebab': 15})
True
defaultdict(<class 'dict'>, {'Veeruska': 18, 'Test': 25, 'Evin kebab': 15})
True
defaultdict(<class 'dict'>, {'Test': 25, 'Evin kebab': 15, 'Veeruska': 18})
True
defaultdict(<class 'dict'>, {'Test': 25, 'Evin kebab': 15, 'Veeruska': 18})
True
defaultdict(<class 'dict'>, {'Test': 25, 'Evin kebab': 15, 'Veeruska': 18})
True
defaultdict(<class 'dict'>, {'Test': 25, 'Evin kebab': 15, 'Veeruska': 18})
True
defaultdict(<class 'dict'>, {'Test': 25, 'Evin kebab': 15, 'Veeruska': 18})
True
defaultdict(<class 'dict'>, {'Test': 25, 'Evin kebab': 15, 'Veeruska': 18})
True
defaultdict(<class 'dict'>, {'Test': 25, 'Evin kebab': 15, 'Veeruska': 18})
True
defaultdict(<class 'dict'>, {'Test': 25, 'Evin kebab': 15, 'Veeruska': 18})
True
defaultdict(<class 'dict'>, {'Test': 25, 'Evin kebab': 15, 'Veeruska': 18})
True
defaultdict(<class 'dict'>, {'Test': 25, 'Evin kebab': 15, 'Veeruska': 18})
True
True
defaultdict(<class 'dict'>, {'Test': 25, 'Evin kebab': 15, 'Vaaleanpunainen elefantti': 23, 'Veeruska': 18})
True
True
defaultdict(<class 'dict'>, {'Vaaleanpunainen elefantti': {'value': 23}, 'Veeruska': {'value': 18}, 'Test': {'value': 25}, 'Evin kebab': {'value': 15}})
True
True
True
True
True
True
True
True
True
True
True
True
True
True
defaultdict(<class 'dict'>, {'Suuri tsänssi': {'value': 8}, 'pieni tsänssi': {'value': 2}})
True
defaultdict(<class 'dict'>, {'Suuri tsänssi': {'value': 8}, 'pieni tsänssi': {'value': 2}})
True
defaultdict(<class 'dict'>, {'Suuri tsänssi': {'value': 8}, 'pieni tsänssi': {'value': 2}})
True
defaultdict(<class 'dict'>, {'Suuri tsänssi': {'value': 8}, 'pieni tsänssi': {'value': 2}})
True
defaultdict(<class 'dict'>, {'Suuri tsänssi': {'value': 8}, 'pieni tsänssi': {'value': 2}})
True
defaultdict(<class 'dict'>, {'Suuri tsänssi': {'value': 8}, 'pieni tsänssi': {'value': 2}})
True
defaultdict(<class 'dict'>, {'Suuri tsänssi': {'value': 8}, 'pieni tsänssi': {'value': 2}})
True
defaultdict(<class 'dict'>, {'Suuri tsänssi': {'value': 8}, 'pieni tsänssi': {'value': 2}})
True
defaultdict(<class 'dict'>, {'Suuri tsänssi': {'value': 8}, 'pieni tsänssi': {'value': 2}})
True
defaultdict(<class 'dict'>, {'Suuri tsänssi': {'value': 8}, 'pieni tsänssi': {'value': 2}})
True
defaultdict(<class 'dict'>, {'Suuri tsänssi': {'value': 8}, 'pieni tsänssi': {'value': 2}})
True
defaultdict(<class 'dict'>, {'Suuri tsänssi': {'value': 8}, 'pieni tsänssi': {'value': 2}})
True
defaultdict(<class 'dict'>, {'Suuri tsänssi': {'value': 8}, 'pieni tsänssi': {'value': 2}})
True
defaultdict(<class 'dict'>, {'Suuri tsänssi': {'value': 8}, 'pieni tsänssi': {'value': 2}})
True
defaultdict(<class 'dict'>, {'Suuri tsänssi': {'value': 8}, 'pieni tsänssi': {'value': 2}})
True
defaultdict(<class 'dict'>, {'Suuri tsänssi': {'value': 8}, 'pieni tsänssi': {'value': 2}})
True
defaultdict(<class 'dict'>, {'Suuri tsänssi': {'value': 8}, 'pieni tsänssi': {'value': 2}})
True
defaultdict(<class 'dict'>, {'Suuri tsänssi': {'value': 8}, 'pieni tsänssi': {'value': 2}})
True
defaultdict(<class 'dict'>, {'Suuri tsänssi': {'value': 8}, 'pieni tsänssi': {'value': 2}})
True
defaultdict(<class 'dict'>, {'Suuri tsänssi': {'value': 8}, 'pieni tsänssi': {'value': 2}})
True
defaultdict(<class 'dict'>, {'Suuri tsänssi': {'value': 8}, 'pieni tsänssi': {'value': 2}})
True
defaultdict(<class 'dict'>, {'Suuri tsänssi': {'value': 8}, 'pieni tsänssi': {'value': 2}})
True
defaultdict(<class 'dict'>, {'Suuri tsänssi': {'value': 8}, 'pieni tsänssi': {'value': 2}})
True
defaultdict(<class 'dict'>, {'Suuri tsänssi': {'value': 8}, 'pieni tsänssi': {'value': 2}})
True
defaultdict(<class 'dict'>, {'Suuri tsänssi': {'value': 8}, 'pieni tsänssi': {'value': 2}})
True
defaultdict(<class 'dict'>, {'Suuri tsänssi': {'value': 8}, 'pieni tsänssi': {'value': 2}})
True
True
True
defaultdict(<class 'dict'>, {'pieni tsänssi': {'value': 2}, 'pienin ': {'value': 1}})
True
defaultdict(<class 'dict'>, {'pieni tsänssi': {'value': 2}, 'pienin ': {'value': 1}})
True
defaultdict(<class 'dict'>, {'pieni tsänssi': {'value': 2}, 'pienin ': {'value': 1}})
3
True
defaultdict(<class 'dict'>, {'pieni tsänssi': {'value': 2}, 'pienin ': {'value': 1}})
True
defaultdict(<class 'dict'>, {'pieni tsänssi': {'value': 2}, 'pienin ': {'value': 1}})
True
defaultdict(<class 'dict'>, {'pieni tsänssi': {'value': 2}, 'pienin ': {'value': 1}})
True
defaultdict(<class 'dict'>, {'pieni tsänssi': {'value': 2}, 'pienin ': {'value': 1}})
True
defaultdict(<class 'dict'>, {'pieni tsänssi': {'value': 2}, 'pienin ': {'value': 1}})
True
defaultdict(<class 'dict'>, {'pieni tsänssi': {'value': 2}, 'pienin ': {'value': 1}})
True
defaultdict(<class 'dict'>, {'pieni tsänssi': {'value': 2}, 'pienin ': {'value': 1}})
True
defaultdict(<class 'dict'>, {'pieni tsänssi': {'value': 2}, 'pienin ': {'value': 1}})
True
defaultdict(<class 'dict'>, {'pieni tsänssi': {'value': 2}, 'pienin ': {'value': 1}})
True
defaultdict(<class 'dict'>, {'pieni tsänssi': {'value': 2}, 'pienin ': {'value': 1}})
True
defaultdict(<class 'dict'>, {'pieni tsänssi': {'value': 2}, 'pienin ': {'value': 1}})
True
defaultdict(<class 'dict'>, {'pieni tsänssi': {'value': 2}, 'pienin ': {'value': 1}})
True
defaultdict(<class 'dict'>, {'pieni tsänssi': {'value': 2}, 'pienin ': {'value': 1}})
randn: 
sum_: 3
True
defaultdict(<class 'dict'>, {'pieni tsänssi': {'value': 2}, 'pienin ': {'value': 1}})
randn: 
sum_: 3
True
defaultdict(<class 'dict'>, {'pienin ': {'value': 1}, 'pieni tsänssi': {'value': 2}})
randn: 1
sum_: 3
True
defaultdict(<class 'dict'>, {'pienin ': {'value': 1}, 'pieni tsänssi': {'value': 2}})
randn: 2
sum_: 3
True
defaultdict(<class 'dict'>, {'pienin ': {'value': 1}, 'pieni tsänssi': {'value': 2}})
randn: 2
sum_: 3
True
defaultdict(<class 'dict'>, {'pienin ': {'value': 1}, 'pieni tsänssi': {'value': 2}})
randn: 2
sum_: 3
True
defaultdict(<class 'dict'>, {'pienin ': {'value': 1}, 'pieni tsänssi': {'value': 2}})
randn: 0
sum_: 3
True
defaultdict(<class 'dict'>, {'pienin ': {'value': 1}, 'pieni tsänssi': {'value': 2}})
randn: 0
sum_: 3
True
defaultdict(<class 'dict'>, {'pienin ': {'value': 1}, 'pieni tsänssi': {'value': 2}})
randn: 0
sum_: 3
True
defaultdict(<class 'dict'>, {'pienin ': {'value': 1}, 'pieni tsänssi': {'value': 2}})
randn: 3
sum_: 3
True
defaultdict(<class 'dict'>, {'pieni tsänssi': {'value': 2}, 'pienin ': {'value': 1}})
True
defaultdict(<class 'dict'>, {'pieni tsänssi': {'value': 2}, 'pienin ': {'value': 1}})
True
defaultdict(<class 'dict'>, {'pieni tsänssi': {'value': 2}, 'pienin ': {'value': 1}})
True
defaultdict(<class 'dict'>, {'pieni tsänssi': {'value': 2}, 'pienin ': {'value': 1}})
True
defaultdict(<class 'dict'>, {'pieni tsänssi': {'value': 2}, 'pienin ': {'value': 1}})
True
defaultdict(<class 'dict'>, {'pieni tsänssi': {'value': 2}, 'pienin ': {'value': 1}})
True
defaultdict(<class 'dict'>, {'pieni tsänssi': {'value': 2}, 'pienin ': {'value': 1}})
True
True
True
True
True
True
defaultdict(<class 'dict'>, {'pieni tsänssi': {'value': 2}, 'Iso tsänssi': {'value': 8}})
True
defaultdict(<class 'dict'>, {'pieni tsänssi': {'value': 2}, 'Iso tsänssi': {'value': 8}})
True
defaultdict(<class 'dict'>, {'pieni tsänssi': {'value': 2}, 'Iso tsänssi': {'value': 8}})
True
defaultdict(<class 'dict'>, {'pieni tsänssi': {'value': 2}, 'Iso tsänssi': {'value': 8}})
True
defaultdict(<class 'dict'>, {'pieni tsänssi': {'value': 2}, 'Iso tsänssi': {'value': 8}})
True
defaultdict(<class 'dict'>, {'pieni tsänssi': {'value': 2}, 'Iso tsänssi': {'value': 8}})
True
defaultdict(<class 'dict'>, {'pieni tsänssi': {'value': 2}, 'Iso tsänssi': {'value': 8}})
True
defaultdict(<class 'dict'>, {'pieni tsänssi': {'value': 2}, 'Iso tsänssi': {'value': 8}})
True
defaultdict(<class 'dict'>, {'pieni tsänssi': {'value': 2}, 'Iso tsänssi': {'value': 8}})
True
defaultdict(<class 'dict'>, {'pieni tsänssi': {'value': 2}, 'Iso tsänssi': {'value': 8}})
True
defaultdict(<class 'dict'>, {'pieni tsänssi': {'value': 2}, 'Iso tsänssi': {'value': 8}})
True
defaultdict(<class 'dict'>, {'pieni tsänssi': {'value': 2}, 'Iso tsänssi': {'value': 8}})
True
defaultdict(<class 'dict'>, {'pieni tsänssi': {'value': 2}, 'Iso tsänssi': {'value': 8}})
True
defaultdict(<class 'dict'>, {'pieni tsänssi': {'value': 2}, 'Iso tsänssi': {'value': 8}})
True
True
